#---window manager
hyprland
hyprpaper
hyprlock
hyprpicker
cliphist
swaync
app2unit
#--font
ttf-maplemono
ttf-maplemono-nf
ttf-maplemono-nf-cn
ttf-jetbrains-mono-nerd
ttf-mononoki-nerd
adobe-source-han-sans-cn-fonts
adobe-source-han-serif-cn-fonts
noto-fonts
#--application
kitty              # terminal
librewolf          # browser GTK
vscodium
fcitx5-im
fcitx5-rime
#--theme config
nwg-look    # gtk configuration tool
qt5ct       # qt5 configuration tool
qt6ct       # qt6 configuration tool
qt5-wayland # wayland support in qt5
qt6-wayland # wayland support in qt6
#kvantum     # svg based qt6 theme engine
#kvantum-qt5 # svg based qt5 theme engine
pavucontrol
waybar
rofi-wayland
matugen-bin
flatpak
